<?xml version="1.0" encoding="UTF-8"?>
<!-- Generated by org.testng.reporters.JUnitReportReporter -->
<testsuite hostname="DESKTOP-7SIFO9D" failures="0" tests="3" name="testCases.SimplilearnLoginTest" time="45.841" errors="0" timestamp="2022-09-11T11:19:01 IST" skipped="0">
  <testcase classname="testCases.SimplilearnLoginTest" name="Test1" time="16.309"/>
  <system-out/>
  <testcase classname="testCases.SimplilearnLoginTest" name="Test2" time="16.620"/>
  <system-out/>
  <testcase classname="testCases.SimplilearnLoginTest" name="Test3" time="12.912"/>
  <system-out/>
</testsuite> <!-- testCases.SimplilearnLoginTest -->
