<?xml version="1.0" encoding="UTF-8"?>
<!-- Generated by org.testng.reporters.JUnitReportReporter -->
<testsuite hostname="DESKTOP-7SIFO9D" failures="0" tests="1" name="testCases.HomeTest" time="4.721" errors="0" timestamp="2022-09-11T11:19:01 IST" skipped="0">
  <testcase classname="testCases.HomeTest" name="Test1" time="4.721"/>
  <system-out/>
</testsuite> <!-- testCases.HomeTest -->
