<?xml version="1.0" encoding="UTF-8"?>
<!-- Generated by org.testng.reporters.JUnitReportReporter -->
<testsuite hostname="DESKTOP-7SIFO9D" failures="0" tests="3" name="testCases.SimplilearnLoginTest" time="37.918" errors="0" timestamp="17 Sep 2022 04:39:07 GMT" skipped="0">
  <testcase classname="testCases.SimplilearnLoginTest" name="Test1" time="13.495"/>
  <testcase classname="testCases.SimplilearnLoginTest" name="Test2" time="14.330"/>
  <testcase classname="testCases.SimplilearnLoginTest" name="Test3" time="10.093"/>
</testsuite> <!-- testCases.SimplilearnLoginTest -->
