<?xml version="1.0" encoding="UTF-8"?>
<!-- Generated by org.testng.reporters.JUnitReportReporter -->
<testsuite skipped="0" hostname="DESKTOP-7SIFO9D" name="testCases.SimplilearnLoginTest" tests="3" failures="0" timestamp="18 Sep 2022 06:35:24 GMT" time="50.868" errors="0">
  <testcase name="Test1" time="21.773" classname="testCases.SimplilearnLoginTest"/>
  <testcase name="Test3" time="13.976" classname="testCases.SimplilearnLoginTest"/>
  <testcase name="Test2" time="15.119" classname="testCases.SimplilearnLoginTest"/>
</testsuite> <!-- testCases.SimplilearnLoginTest -->
