<?xml version="1.0" encoding="UTF-8"?>
<!-- Generated by org.testng.reporters.JUnitReportReporter -->
<testsuite skipped="0" hostname="DESKTOP-7SIFO9D" name="testCases.HomeTest" tests="1" failures="0" timestamp="2022-09-10T12:44:41 IST" time="14.923" errors="0">
  <testcase name="Test1" time="14.923" classname="testCases.HomeTest"/>
  <system-out/>
</testsuite> <!-- testCases.HomeTest -->
