<?xml version="1.0" encoding="UTF-8"?>
<!-- Generated by org.testng.reporters.JUnitReportReporter -->
<testsuite skipped="0" hostname="DESKTOP-7SIFO9D" name="testCases.SimplilearnLoginTest" tests="2" failures="0" timestamp="2022-09-10T12:44:41 IST" time="50.950" errors="0">
  <testcase name="Test2" time="29.610" classname="testCases.SimplilearnLoginTest"/>
  <system-out/>
  <testcase name="Test1" time="21.340" classname="testCases.SimplilearnLoginTest"/>
  <system-out/>
</testsuite> <!-- testCases.SimplilearnLoginTest -->
